<?xml version="1.0" encoding="UTF-8"?>
<!-- Generated by org.testng.reporters.JUnitXMLReporter -->
<testsuite ignored="2" hostname="DESKTOP-KKRP6TL" failures="3" tests="4" name="TestGroupInvite" time="39.717" errors="0" timestamp="2025-06-15T16:58:27 IST">
  <testcase classname="ich.ExInvite" name="loginFunctioanlity" time="27.172"/>
  <testcase classname="ich.ExInvite" name="FailInviteAndAddNext" time="6.647">
    <failure type="java.lang.AssertionError" message="Expected value did not match expected [vivhar@gmail.com] but found [xyz@gmail.com]">
      <![CDATA[java.lang.AssertionError: Expected value did not match expected [vivhar@gmail.com] but found [xyz@gmail.com]
at ich.ExInvite.FailInviteAndAddNext(ExInvite.java:102)
at java.base/java.util.ArrayList.forEach(ArrayList.java:1511)
at java.base/java.util.concurrent.FutureTask.run(FutureTask.java:264)
at java.base/java.util.concurrent.ThreadPoolExecutor.runWorker(ThreadPoolExecutor.java:1136)
at java.base/java.util.concurrent.ThreadPoolExecutor$Worker.run(ThreadPoolExecutor.java:635)
at java.base/java.lang.Thread.run(Thread.java:833)
... Removed 22 stack frames]]>
    </failure>
  </testcase> <!-- FailInviteAndAddNext -->
  <testcase classname="ich.ExInvite" name="inviteAndClose" time="1.568">
    <failure type="org.openqa.selenium.ElementClickInterceptedException" message="element click intercepted: Element &amp;lt;a class=&amp;quot;flex items-center py-4 px-2 cursor-pointer rounded-2xl mb-2 bg-primary text-white font-normal&amp;quot; href=&amp;quot;/invite&amp;quot;&amp;gt;...&amp;lt;/a&amp;gt; is not clickable at point (128, 184). Other element would receive the click: &amp;lt;div class=&amp;quot;fixed inset-0 flex items-center justify-center bg-black bg-opacity-60 z-50&amp;quot;&amp;gt;...&amp;lt;/div&amp;gt;
  (Session info: chrome=137.0.7151.104)
Build info: version: &amp;apos;4.18.1&amp;apos;, revision: &amp;apos;b1d3319b48&amp;apos;
System info: os.name: &amp;apos;Windows 11&amp;apos;, os.arch: &amp;apos;amd64&amp;apos;, os.version: &amp;apos;10.0&amp;apos;, java.version: &amp;apos;17.0.6&amp;apos;
Driver info: org.openqa.selenium.chrome.ChromeDriver
Command: [ede9dd2912cc336f32d82cce57242f79, clickElement {id=f.3E07AFE4A5515AC182BFDA50198AA420.d.ABCB7F0686C8F76B16622BE69CD3DC89.e.24}]
Capabilities {acceptInsecureCerts: false, browserName: chrome, browserVersion: 137.0.7151.104, chrome: {chromedriverVersion: 137.0.7151.70 (dfa4dc56b2ab..., userDataDir: C:\Users\DELL\AppData\Local...}, fedcm:accounts: true, goog:chromeOptions: {debuggerAddress: localhost:54764}, networkConnectionEnabled: false, pageLoadStrategy: normal, platformName: windows, proxy: Proxy(), se:cdp: ws://localhost:54764/devtoo..., se:cdpVersion: 137.0.7151.104, setWindowRect: true, strictFileInteractability: false, timeouts: {implicit: 0, pageLoad: 300000, script: 30000}, unhandledPromptBehavior: dismiss and notify, webauthn:extension:credBlob: true, webauthn:extension:largeBlob: true, webauthn:extension:minPinLength: true, webauthn:extension:prf: true, webauthn:virtualAuthenticators: true}
Element: [[ChromeDriver: chrome on windows (ede9dd2912cc336f32d82cce57242f79)] -&amp;gt; xpath: //a[@href=&amp;apos;/invite&amp;apos;]]
Session ID: ede9dd2912cc336f32d82cce57242f79">
      <![CDATA[org.openqa.selenium.ElementClickInterceptedException: element click intercepted: Element <a class="flex items-center py-4 px-2 cursor-pointer rounded-2xl mb-2 bg-primary text-white font-normal" href="/invite">...</a> is not clickable at point (128, 184). Other element would receive the click: <div class="fixed inset-0 flex items-center justify-center bg-black bg-opacity-60 z-50">...</div>
  (Session info: chrome=137.0.7151.104)
Build info: version: '4.18.1', revision: 'b1d3319b48'
System info: os.name: 'Windows 11', os.arch: 'amd64', os.version: '10.0', java.version: '17.0.6'
Driver info: org.openqa.selenium.chrome.ChromeDriver
Command: [ede9dd2912cc336f32d82cce57242f79, clickElement {id=f.3E07AFE4A5515AC182BFDA50198AA420.d.ABCB7F0686C8F76B16622BE69CD3DC89.e.24}]
Capabilities {acceptInsecureCerts: false, browserName: chrome, browserVersion: 137.0.7151.104, chrome: {chromedriverVersion: 137.0.7151.70 (dfa4dc56b2ab..., userDataDir: C:\Users\DELL\AppData\Local...}, fedcm:accounts: true, goog:chromeOptions: {debuggerAddress: localhost:54764}, networkConnectionEnabled: false, pageLoadStrategy: normal, platformName: windows, proxy: Proxy(), se:cdp: ws://localhost:54764/devtoo..., se:cdpVersion: 137.0.7151.104, setWindowRect: true, strictFileInteractability: false, timeouts: {implicit: 0, pageLoad: 300000, script: 30000}, unhandledPromptBehavior: dismiss and notify, webauthn:extension:credBlob: true, webauthn:extension:largeBlob: true, webauthn:extension:minPinLength: true, webauthn:extension:prf: true, webauthn:virtualAuthenticators: true}
Element: [[ChromeDriver: chrome on windows (ede9dd2912cc336f32d82cce57242f79)] -> xpath: //a[@href='/invite']]
Session ID: ede9dd2912cc336f32d82cce57242f79
at org.openqa.selenium.remote.ErrorCodec.decode(ErrorCodec.java:167)
at org.openqa.selenium.remote.codec.w3c.W3CHttpResponseCodec.decode(W3CHttpResponseCodec.java:138)
at org.openqa.selenium.remote.codec.w3c.W3CHttpResponseCodec.decode(W3CHttpResponseCodec.java:50)
at org.openqa.selenium.remote.HttpCommandExecutor.execute(HttpCommandExecutor.java:190)
at org.openqa.selenium.remote.service.DriverCommandExecutor.invokeExecute(DriverCommandExecutor.java:216)
at org.openqa.selenium.remote.service.DriverCommandExecutor.execute(DriverCommandExecutor.java:174)
at org.openqa.selenium.remote.RemoteWebDriver.execute(RemoteWebDriver.java:519)
at org.openqa.selenium.remote.RemoteWebElement.execute(RemoteWebElement.java:223)
at org.openqa.selenium.remote.RemoteWebElement.click(RemoteWebElement.java:76)
at ich.ExInvite.inviteAndClose(ExInvite.java:128)
at java.base/java.util.ArrayList.forEach(ArrayList.java:1511)
at java.base/java.util.concurrent.FutureTask.run(FutureTask.java:264)
at java.base/java.util.concurrent.ThreadPoolExecutor.runWorker(ThreadPoolExecutor.java:1136)
at java.base/java.util.concurrent.ThreadPoolExecutor$Worker.run(ThreadPoolExecutor.java:635)
at java.base/java.lang.Thread.run(Thread.java:833)
... Removed 22 stack frames]]>
    </failure>
  </testcase> <!-- inviteAndClose -->
  <testcase classname="ich.ExInvite" name="editMember" time="1.545">
    <failure type="org.openqa.selenium.ElementClickInterceptedException" message="element click intercepted: Element &amp;lt;a class=&amp;quot;flex items-center py-4 px-2 cursor-pointer rounded-2xl mb-2 bg-primary text-white font-normal&amp;quot; href=&amp;quot;/invite&amp;quot;&amp;gt;...&amp;lt;/a&amp;gt; is not clickable at point (128, 184). Other element would receive the click: &amp;lt;div class=&amp;quot;fixed inset-0 flex items-center justify-center bg-black bg-opacity-60 z-50&amp;quot;&amp;gt;...&amp;lt;/div&amp;gt;
  (Session info: chrome=137.0.7151.104)
Build info: version: &amp;apos;4.18.1&amp;apos;, revision: &amp;apos;b1d3319b48&amp;apos;
System info: os.name: &amp;apos;Windows 11&amp;apos;, os.arch: &amp;apos;amd64&amp;apos;, os.version: &amp;apos;10.0&amp;apos;, java.version: &amp;apos;17.0.6&amp;apos;
Driver info: org.openqa.selenium.chrome.ChromeDriver
Command: [ede9dd2912cc336f32d82cce57242f79, clickElement {id=f.3E07AFE4A5515AC182BFDA50198AA420.d.ABCB7F0686C8F76B16622BE69CD3DC89.e.24}]
Capabilities {acceptInsecureCerts: false, browserName: chrome, browserVersion: 137.0.7151.104, chrome: {chromedriverVersion: 137.0.7151.70 (dfa4dc56b2ab..., userDataDir: C:\Users\DELL\AppData\Local...}, fedcm:accounts: true, goog:chromeOptions: {debuggerAddress: localhost:54764}, networkConnectionEnabled: false, pageLoadStrategy: normal, platformName: windows, proxy: Proxy(), se:cdp: ws://localhost:54764/devtoo..., se:cdpVersion: 137.0.7151.104, setWindowRect: true, strictFileInteractability: false, timeouts: {implicit: 0, pageLoad: 300000, script: 30000}, unhandledPromptBehavior: dismiss and notify, webauthn:extension:credBlob: true, webauthn:extension:largeBlob: true, webauthn:extension:minPinLength: true, webauthn:extension:prf: true, webauthn:virtualAuthenticators: true}
Element: [[ChromeDriver: chrome on windows (ede9dd2912cc336f32d82cce57242f79)] -&amp;gt; xpath: //a[@href=&amp;apos;/invite&amp;apos;]]
Session ID: ede9dd2912cc336f32d82cce57242f79">
      <![CDATA[org.openqa.selenium.ElementClickInterceptedException: element click intercepted: Element <a class="flex items-center py-4 px-2 cursor-pointer rounded-2xl mb-2 bg-primary text-white font-normal" href="/invite">...</a> is not clickable at point (128, 184). Other element would receive the click: <div class="fixed inset-0 flex items-center justify-center bg-black bg-opacity-60 z-50">...</div>
  (Session info: chrome=137.0.7151.104)
Build info: version: '4.18.1', revision: 'b1d3319b48'
System info: os.name: 'Windows 11', os.arch: 'amd64', os.version: '10.0', java.version: '17.0.6'
Driver info: org.openqa.selenium.chrome.ChromeDriver
Command: [ede9dd2912cc336f32d82cce57242f79, clickElement {id=f.3E07AFE4A5515AC182BFDA50198AA420.d.ABCB7F0686C8F76B16622BE69CD3DC89.e.24}]
Capabilities {acceptInsecureCerts: false, browserName: chrome, browserVersion: 137.0.7151.104, chrome: {chromedriverVersion: 137.0.7151.70 (dfa4dc56b2ab..., userDataDir: C:\Users\DELL\AppData\Local...}, fedcm:accounts: true, goog:chromeOptions: {debuggerAddress: localhost:54764}, networkConnectionEnabled: false, pageLoadStrategy: normal, platformName: windows, proxy: Proxy(), se:cdp: ws://localhost:54764/devtoo..., se:cdpVersion: 137.0.7151.104, setWindowRect: true, strictFileInteractability: false, timeouts: {implicit: 0, pageLoad: 300000, script: 30000}, unhandledPromptBehavior: dismiss and notify, webauthn:extension:credBlob: true, webauthn:extension:largeBlob: true, webauthn:extension:minPinLength: true, webauthn:extension:prf: true, webauthn:virtualAuthenticators: true}
Element: [[ChromeDriver: chrome on windows (ede9dd2912cc336f32d82cce57242f79)] -> xpath: //a[@href='/invite']]
Session ID: ede9dd2912cc336f32d82cce57242f79
at org.openqa.selenium.remote.ErrorCodec.decode(ErrorCodec.java:167)
at org.openqa.selenium.remote.codec.w3c.W3CHttpResponseCodec.decode(W3CHttpResponseCodec.java:138)
at org.openqa.selenium.remote.codec.w3c.W3CHttpResponseCodec.decode(W3CHttpResponseCodec.java:50)
at org.openqa.selenium.remote.HttpCommandExecutor.execute(HttpCommandExecutor.java:190)
at org.openqa.selenium.remote.service.DriverCommandExecutor.invokeExecute(DriverCommandExecutor.java:216)
at org.openqa.selenium.remote.service.DriverCommandExecutor.execute(DriverCommandExecutor.java:174)
at org.openqa.selenium.remote.RemoteWebDriver.execute(RemoteWebDriver.java:519)
at org.openqa.selenium.remote.RemoteWebElement.execute(RemoteWebElement.java:223)
at org.openqa.selenium.remote.RemoteWebElement.click(RemoteWebElement.java:76)
at ich.ExInvite.editMember(ExInvite.java:197)
at java.base/java.util.ArrayList.forEach(ArrayList.java:1511)
at java.base/java.util.concurrent.FutureTask.run(FutureTask.java:264)
at java.base/java.util.concurrent.ThreadPoolExecutor.runWorker(ThreadPoolExecutor.java:1136)
at java.base/java.util.concurrent.ThreadPoolExecutor$Worker.run(ThreadPoolExecutor.java:635)
at java.base/java.lang.Thread.run(Thread.java:833)
... Removed 22 stack frames]]>
    </failure>
  </testcase> <!-- editMember -->
  <testcase classname="ich.ExInvite" name="InviteAndAddNext" time="0.0">
    <ignored/>
  </testcase> <!-- InviteAndAddNext -->
  <testcase classname="ich.ExInvite" name="validationForEmptyFields" time="0.0">
    <ignored/>
  </testcase> <!-- validationForEmptyFields -->
</testsuite> <!-- TestGroupInvite -->
