<?xml version="1.0" encoding="UTF-8"?>
<!-- Generated by org.testng.reporters.JUnitXMLReporter -->
<testsuite ignored="4" hostname="DESKTOP-KKRP6TL" failures="0" tests="9" name="TestGroupDesignerPage" time="163.872" errors="0" timestamp="2025-06-15T17:00:32 IST">
  <testcase classname="ich.ExContent" name="@BeforeMethod startChrome" time="0.32">
    <failure type="org.openqa.selenium.NoSuchSessionException" message="Session ID is null. Using WebDriver after calling quit()?
Build info: version: &amp;apos;4.18.1&amp;apos;, revision: &amp;apos;b1d3319b48&amp;apos;
System info: os.name: &amp;apos;Windows 11&amp;apos;, os.arch: &amp;apos;amd64&amp;apos;, os.version: &amp;apos;10.0&amp;apos;, java.version: &amp;apos;17.0.6&amp;apos;
Driver info: org.openqa.selenium.chrome.ChromeDriver
Command: [null, maximizeCurrentWindow {}]
Capabilities {acceptInsecureCerts: false, browserName: chrome, browserVersion: 137.0.7151.104, chrome: {chromedriverVersion: 137.0.7151.70 (dfa4dc56b2ab..., userDataDir: C:\Users\DELL\AppData\Local...}, fedcm:accounts: true, goog:chromeOptions: {debuggerAddress: localhost:54751}, networkConnectionEnabled: false, pageLoadStrategy: normal, platformName: windows, proxy: Proxy(), se:cdp: ws://localhost:54751/devtoo..., se:cdpVersion: 137.0.7151.104, setWindowRect: true, strictFileInteractability: false, timeouts: {implicit: 0, pageLoad: 300000, script: 30000}, unhandledPromptBehavior: dismiss and notify, webauthn:extension:credBlob: true, webauthn:extension:largeBlob: true, webauthn:extension:minPinLength: true, webauthn:extension:prf: true, webauthn:virtualAuthenticators: true}">
      <![CDATA[org.openqa.selenium.NoSuchSessionException: Session ID is null. Using WebDriver after calling quit()?
Build info: version: '4.18.1', revision: 'b1d3319b48'
System info: os.name: 'Windows 11', os.arch: 'amd64', os.version: '10.0', java.version: '17.0.6'
Driver info: org.openqa.selenium.chrome.ChromeDriver
Command: [null, maximizeCurrentWindow {}]
Capabilities {acceptInsecureCerts: false, browserName: chrome, browserVersion: 137.0.7151.104, chrome: {chromedriverVersion: 137.0.7151.70 (dfa4dc56b2ab..., userDataDir: C:\Users\DELL\AppData\Local...}, fedcm:accounts: true, goog:chromeOptions: {debuggerAddress: localhost:54751}, networkConnectionEnabled: false, pageLoadStrategy: normal, platformName: windows, proxy: Proxy(), se:cdp: ws://localhost:54751/devtoo..., se:cdpVersion: 137.0.7151.104, setWindowRect: true, strictFileInteractability: false, timeouts: {implicit: 0, pageLoad: 300000, script: 30000}, unhandledPromptBehavior: dismiss and notify, webauthn:extension:credBlob: true, webauthn:extension:largeBlob: true, webauthn:extension:minPinLength: true, webauthn:extension:prf: true, webauthn:virtualAuthenticators: true}
at org.openqa.selenium.remote.HttpCommandExecutor.execute(HttpCommandExecutor.java:151)
at org.openqa.selenium.remote.service.DriverCommandExecutor.invokeExecute(DriverCommandExecutor.java:216)
at org.openqa.selenium.remote.service.DriverCommandExecutor.execute(DriverCommandExecutor.java:174)
at org.openqa.selenium.remote.RemoteWebDriver.execute(RemoteWebDriver.java:519)
at org.openqa.selenium.remote.RemoteWebDriver.execute(RemoteWebDriver.java:592)
at org.openqa.selenium.remote.RemoteWebDriver.execute(RemoteWebDriver.java:596)
at org.openqa.selenium.remote.RemoteWebDriver$RemoteWebDriverOptions$RemoteWindow.maximize(RemoteWebDriver.java:1035)
at ich.ExContent.startChrome(ExContent.java:32)
at java.base/java.util.ArrayList.forEach(ArrayList.java:1511)
at java.base/java.util.concurrent.FutureTask.run(FutureTask.java:264)
at java.base/java.util.concurrent.ThreadPoolExecutor.runWorker(ThreadPoolExecutor.java:1136)
at java.base/java.util.concurrent.ThreadPoolExecutor$Worker.run(ThreadPoolExecutor.java:635)
at java.base/java.lang.Thread.run(Thread.java:833)
... Removed 21 stack frames]]>
    </failure>
  </testcase> <!-- @BeforeMethod startChrome -->
  <testcase classname="ich.ExContent" name="@AfterMethod teardown" time="0.0">
    <skipped/>
  </testcase> <!-- @AfterMethod teardown -->
  <testcase classname="ich.ExContent" name="@BeforeMethod startChrome" time="0.0">
    <skipped/>
  </testcase> <!-- @BeforeMethod startChrome -->
  <testcase classname="ich.ExContent" name="@AfterMethod teardown" time="0.0">
    <skipped/>
  </testcase> <!-- @AfterMethod teardown -->
  <testcase classname="ich.ExContent" name="@BeforeMethod startChrome" time="0.0">
    <skipped/>
  </testcase> <!-- @BeforeMethod startChrome -->
  <testcase classname="ich.ExContent" name="@AfterMethod teardown" time="0.0">
    <skipped/>
  </testcase> <!-- @AfterMethod teardown -->
  <testcase classname="ich.DesingerPageNG" name="loginFunctioanlity" time="18.56"/>
  <testcase classname="ich.DesingerPageNG" name="preferenceArrow" time="10.73"/>
  <testcase classname="ich.DesingerPageNG" name="testDropdown" time="0.967"/>
  <testcase classname="ich.DesingerPageNG" name="imageSearch" time="22.438"/>
  <testcase classname="ich.DesingerPageNG" name="textSearch" time="14.367"/>
  <testcase classname="ich.DesingerPageNG" name="functionality_downlaodAndCopy" time="10.939"/>
  <testcase classname="ich.DesingerPageNG" name="addToBoard" time="1.581"/>
  <testcase classname="ich.DesingerPageNG" name="createBoard" time="12.872"/>
  <testcase classname="ich.DesingerPageNG" name="createBoardValidation" time="12.678"/>
  <testcase classname="ich.DesingerPageNG" name="testDashboardElements" time="0.0">
    <ignored/>
  </testcase> <!-- testDashboardElements -->
  <testcase classname="ich.DesingerPageNG" name="testDashboardTitle" time="0.0">
    <ignored/>
  </testcase> <!-- testDashboardTitle -->
  <testcase classname="ich.DesingerPageNG" name="collapse" time="0.0">
    <ignored/>
  </testcase> <!-- collapse -->
  <testcase classname="ich.DesingerPageNG" name="testClickOnEachNavigatio" time="0.0">
    <ignored/>
  </testcase> <!-- testClickOnEachNavigatio -->
</testsuite> <!-- TestGroupDesignerPage -->
